<?xml version="1.0" encoding="UTF-8"?>
<testng-results skipped="0" failed="0" ignored="0" total="1" passed="1">
  <reporter-output>
  </reporter-output>
  <suite name="Default suite" duration-ms="5033" started-at="2019-07-10T17:34:27Z" finished-at="2019-07-10T17:34:32Z">
    <groups>
    </groups>
    <test name="Default test" duration-ms="5033" started-at="2019-07-10T17:34:27Z" finished-at="2019-07-10T17:34:32Z">
      <class name="com.qa.test.GetApiTest">
        <test-method status="PASS" signature="setUp()[pri:0, instance:com.qa.test.GetApiTest@46d56d67]" name="setUp" is-config="true" duration-ms="14" started-at="2019-07-10T17:34:27Z" finished-at="2019-07-10T17:34:27Z">
          <reporter-output>
          </reporter-output>
        </test-method> <!-- setUp -->
        <test-method status="PASS" signature="getAPITest()[pri:0, instance:com.qa.test.GetApiTest@46d56d67]" name="getAPITest" duration-ms="4994" started-at="2019-07-10T17:34:27Z" finished-at="2019-07-10T17:34:32Z">
          <reporter-output>
          </reporter-output>
        </test-method> <!-- getAPITest -->
      </class> <!-- com.qa.test.GetApiTest -->
    </test> <!-- Default test -->
  </suite> <!-- Default suite -->
</testng-results>
